#
# There is insufficient memory for the Java Runtime Environment to continue.
# Native memory allocation (malloc) failed to allocate 2189616 bytes for Chunk::new
# Possible reasons:
#   The system is out of physical RAM or swap space
#   The process is running with CompressedOops enabled, and the Java Heap may be blocking the growth of the native heap
# Possible solutions:
#   Reduce memory load on the system
#   Increase physical memory or swap space
#   Check if swap backing store is full
#   Decrease Java heap size (-Xmx/-Xms)
#   Decrease number of Java threads
#   Decrease Java thread stack sizes (-Xss)
#   Set larger code cache with -XX:ReservedCodeCacheSize=
#   JVM is running with Unscaled Compressed Oops mode in which the Java heap is
#     placed in the first 4GB address space. The Java Heap base address is the
#     maximum limit for the native heap growth. Please use -XX:HeapBaseMinAddress
#     to set the Java Heap base and to place the Java Heap above 4GB virtual address.
# This output file may be truncated or incomplete.
#
#  Out of Memory Error (./open/src/hotspot/share/memory/arena.cpp:197), pid=23340, tid=2832
#
# JRE version: Java(TM) SE Runtime Environment 18.9 (11.0.17+10) (build 11.0.17+10-LTS-269)
# Java VM: Java HotSpot(TM) 64-Bit Server VM 18.9 (11.0.17+10-LTS-269, mixed mode, tiered, compressed oops, g1 gc, windows-amd64)
# No core dump will be written. Minidumps are not enabled by default on client versions of Windows
#

---------------  S U M M A R Y ------------

Command Line: C:\Users\Alexjha\AppData\Local\Temp\surefire15123747737046290178\surefirebooter8155462096962976820.jar C:\Users\Alexjha\AppData\Local\Temp\surefire15123747737046290178 2023-08-07T18-44-49_395-jvmRun1 surefire10287234456458332435tmp surefire_014171441061919852699tmp

Host: Intel(R) Core(TM) i5-10300H CPU @ 2.50GHz, 8 cores, 7G,  Windows 11 , 64 bit Build 22621 (10.0.22621.1928)
Time: Mon Aug  7 18:44:56 2023 Hora est. Pacífico, Sudamérica elapsed time: 6.111174 seconds (0d 0h 0m 6s)

---------------  T H R E A D  ---------------

Current thread (0x000001d2d1df1800):  JavaThread "C2 CompilerThread0" daemon [_thread_in_native, id=2832, stack(0x000000153d900000,0x000000153da00000)]


Current CompileTask:
C2:   6111 3890       4       jdk.internal.loader.ClassLoaders$AppClassLoader::loadClass (40 bytes)

Stack: [0x000000153d900000,0x000000153da00000]
Native frames: (J=compiled Java code, j=interpreted, Vv=VM code, C=native code)
V  [jvm.dll+0x62b5da]
V  [jvm.dll+0x7653df]
V  [jvm.dll+0x766a89]
V  [jvm.dll+0x767113]
V  [jvm.dll+0x23dd28]
V  [jvm.dll+0xb2a1c]
V  [jvm.dll+0xb2fdc]
V  [jvm.dll+0x341597]
V  [jvm.dll+0x30ef13]
V  [jvm.dll+0x30e25a]
V  [jvm.dll+0x1f8733]
V  [jvm.dll+0x1f78fd]
V  [jvm.dll+0x177c91]
V  [jvm.dll+0x207296]
V  [jvm.dll+0x20542b]
V  [jvm.dll+0x72b2c0]
V  [jvm.dll+0x723e64]
V  [jvm.dll+0x62a485]
C  [ucrtbase.dll+0x29363]
C  [KERNEL32.DLL+0x126ad]
C  [ntdll.dll+0x5aa68]


---------------  P R O C E S S  ---------------

Threads class SMR info:
_java_thread_list=0x000001d2d54df470, length=13, elements={
0x000001d2b3f36000, 0x000001d2d1dad000, 0x000001d2d1dad800, 0x000001d2d1dee800,
0x000001d2d1def800, 0x000001d2d1df0800, 0x000001d2d1df1800, 0x000001d2d1df6000,
0x000001d2d273b000, 0x000001d2d28fa800, 0x000001d2d29e9000, 0x000001d2d2a92800,
0x000001d2d5b2b000
}

Java Threads: ( => current thread )
  0x000001d2b3f36000 JavaThread "main" [_thread_in_native, id=19060, stack(0x000000153cd00000,0x000000153ce00000)]
  0x000001d2d1dad000 JavaThread "Reference Handler" daemon [_thread_blocked, id=24072, stack(0x000000153d400000,0x000000153d500000)]
  0x000001d2d1dad800 JavaThread "Finalizer" daemon [_thread_blocked, id=20328, stack(0x000000153d500000,0x000000153d600000)]
  0x000001d2d1dee800 JavaThread "Signal Dispatcher" daemon [_thread_blocked, id=8708, stack(0x000000153d600000,0x000000153d700000)]
  0x000001d2d1def800 JavaThread "Attach Listener" daemon [_thread_blocked, id=16252, stack(0x000000153d700000,0x000000153d800000)]
  0x000001d2d1df0800 JavaThread "Service Thread" daemon [_thread_blocked, id=24920, stack(0x000000153d800000,0x000000153d900000)]
=>0x000001d2d1df1800 JavaThread "C2 CompilerThread0" daemon [_thread_in_native, id=2832, stack(0x000000153d900000,0x000000153da00000)]
  0x000001d2d1df6000 JavaThread "C1 CompilerThread0" daemon [_thread_blocked, id=8224, stack(0x000000153da00000,0x000000153db00000)]
  0x000001d2d273b000 JavaThread "Sweeper thread" daemon [_thread_blocked, id=5312, stack(0x000000153db00000,0x000000153dc00000)]
  0x000001d2d28fa800 JavaThread "Common-Cleaner" daemon [_thread_blocked, id=2756, stack(0x000000153dd00000,0x000000153de00000)]
  0x000001d2d29e9000 JavaThread "surefire-forkedjvm-command-thread" daemon [_thread_in_native, id=25752, stack(0x000000153de00000,0x000000153df00000)]
  0x000001d2d2a92800 JavaThread "surefire-forkedjvm-ping-30s" daemon [_thread_blocked, id=22716, stack(0x000000153df00000,0x000000153e000000)]
  0x000001d2d5b2b000 JavaThread "C2 CompilerThread1" daemon [_thread_in_native, id=15772, stack(0x000000153e300000,0x000000153e400000)]

Other Threads:
  0x000001d2d1daa800 VMThread "VM Thread" [stack: 0x000000153d300000,0x000000153d400000] [id=6272]
  0x000001d2d28de000 WatcherThread [stack: 0x000000153dc00000,0x000000153dd00000] [id=12028]
  0x000001d2b3f4a000 GCTaskThread "GC Thread#0" [stack: 0x000000153ce00000,0x000000153cf00000] [id=13416]
  0x000001d2d2a8e000 GCTaskThread "GC Thread#1" [stack: 0x000000153e000000,0x000000153e100000] [id=28640]
  0x000001d2d2a8f000 GCTaskThread "GC Thread#2" [stack: 0x000000153e100000,0x000000153e200000] [id=3252]
  0x000001d2b3f7d000 ConcurrentGCThread "G1 Main Marker" [stack: 0x000000153cf00000,0x000000153d000000] [id=24888]
  0x000001d2b3f7f000 ConcurrentGCThread "G1 Conc#0" [stack: 0x000000153d000000,0x000000153d100000] [id=4136]
  0x000001d2d2a90800 ConcurrentGCThread "G1 Conc#1" [stack: 0x000000153e200000,0x000000153e300000] [id=23344]
  0x000001d2b400e000 ConcurrentGCThread "G1 Refine#0" [stack: 0x000000153d100000,0x000000153d200000] [id=9792]
  0x000001d2d1c17800 ConcurrentGCThread "G1 Young RemSet Sampling" [stack: 0x000000153d200000,0x000000153d300000] [id=21528]

Threads with active compile tasks:
C2 CompilerThread0     6174 3890       4       jdk.internal.loader.ClassLoaders$AppClassLoader::loadClass (40 bytes)
C2 CompilerThread1     6174 3901   !   4       jdk.internal.loader.BuiltinClassLoader::loadClassOrNull (143 bytes)

VM state:not at safepoint (normal execution)

VM Mutex/Monitor currently owned by a thread: None

Heap address: 0x0000000083200000, size: 1998 MB, Compressed Oops mode: 32-bit
Narrow klass base: 0x0000000000000000, Narrow klass shift: 3
Compressed class space size: 1073741824 Address: 0x0000000100000000

Heap:
 garbage-first heap   total 155648K, used 71039K [0x0000000083200000, 0x0000000100000000)
  region size 1024K, 62 young (63488K), 7 survivors (7168K)
 Metaspace       used 41348K, capacity 42589K, committed 42800K, reserved 1087488K
  class space    used 5064K, capacity 5589K, committed 5680K, reserved 1048576K
Heap Regions: E=young(eden), S=young(survivor), O=old, HS=humongous(starts), HC=humongous(continues), CS=collection set, F=free, A=archive, TAMS=top-at-mark-start (previous, next)
|   0|0x0000000083200000, 0x0000000083300000, 0x0000000083300000|100%|HS|  |TAMS 0x0000000083300000, 0x0000000083200000| Complete 
|   1|0x0000000083300000, 0x0000000083400000, 0x0000000083400000|100%| O|  |TAMS 0x0000000083400000, 0x0000000083300000| Untracked 
|   2|0x0000000083400000, 0x0000000083500000, 0x0000000083500000|100%| O|  |TAMS 0x0000000083500000, 0x0000000083400000| Untracked 
|   3|0x0000000083500000, 0x0000000083600000, 0x0000000083600000|100%| O|  |TAMS 0x0000000083600000, 0x0000000083500000| Untracked 
|   4|0x0000000083600000, 0x0000000083700000, 0x0000000083700000|100%| O|  |TAMS 0x0000000083700000, 0x0000000083600000| Untracked 
|   5|0x0000000083700000, 0x0000000083800000, 0x0000000083800000|100%| O|  |TAMS 0x0000000083800000, 0x0000000083700000| Untracked 
|   6|0x0000000083800000, 0x0000000083900000, 0x0000000083900000|100%| O|  |TAMS 0x0000000083900000, 0x0000000083800000| Untracked 
|   7|0x0000000083900000, 0x0000000083a00000, 0x0000000083a00000|100%| O|  |TAMS 0x0000000083a00000, 0x0000000083900000| Untracked 
|   8|0x0000000083a00000, 0x0000000083a62000, 0x0000000083b00000| 38%| O|  |TAMS 0x0000000083a62000, 0x0000000083a00000| Untracked 
|   9|0x0000000083b00000, 0x0000000083b00000, 0x0000000083c00000|  0%| F|  |TAMS 0x0000000083b00000, 0x0000000083b00000| Untracked 
|  10|0x0000000083c00000, 0x0000000083c00000, 0x0000000083d00000|  0%| F|  |TAMS 0x0000000083c00000, 0x0000000083c00000| Untracked 
|  11|0x0000000083d00000, 0x0000000083d00000, 0x0000000083e00000|  0%| F|  |TAMS 0x0000000083d00000, 0x0000000083d00000| Untracked 
|  12|0x0000000083e00000, 0x0000000083e00000, 0x0000000083f00000|  0%| F|  |TAMS 0x0000000083e00000, 0x0000000083e00000| Untracked 
|  13|0x0000000083f00000, 0x0000000083f00000, 0x0000000084000000|  0%| F|  |TAMS 0x0000000083f00000, 0x0000000083f00000| Untracked 
|  14|0x0000000084000000, 0x0000000084000000, 0x0000000084100000|  0%| F|  |TAMS 0x0000000084000000, 0x0000000084000000| Untracked 
|  15|0x0000000084100000, 0x0000000084100000, 0x0000000084200000|  0%| F|  |TAMS 0x0000000084100000, 0x0000000084100000| Untracked 
|  16|0x0000000084200000, 0x0000000084200000, 0x0000000084300000|  0%| F|  |TAMS 0x0000000084200000, 0x0000000084200000| Untracked 
|  17|0x0000000084300000, 0x0000000084300000, 0x0000000084400000|  0%| F|  |TAMS 0x0000000084300000, 0x0000000084300000| Untracked 
|  18|0x0000000084400000, 0x0000000084400000, 0x0000000084500000|  0%| F|  |TAMS 0x0000000084400000, 0x0000000084400000| Untracked 
|  19|0x0000000084500000, 0x0000000084500000, 0x0000000084600000|  0%| F|  |TAMS 0x0000000084500000, 0x0000000084500000| Untracked 
|  20|0x0000000084600000, 0x0000000084600000, 0x0000000084700000|  0%| F|  |TAMS 0x0000000084600000, 0x0000000084600000| Untracked 
|  21|0x0000000084700000, 0x0000000084700000, 0x0000000084800000|  0%| F|  |TAMS 0x0000000084700000, 0x0000000084700000| Untracked 
|  22|0x0000000084800000, 0x0000000084800000, 0x0000000084900000|  0%| F|  |TAMS 0x0000000084800000, 0x0000000084800000| Untracked 
|  23|0x0000000084900000, 0x0000000084900000, 0x0000000084a00000|  0%| F|  |TAMS 0x0000000084900000, 0x0000000084900000| Untracked 
|  24|0x0000000084a00000, 0x0000000084a00000, 0x0000000084b00000|  0%| F|  |TAMS 0x0000000084a00000, 0x0000000084a00000| Untracked 
|  25|0x0000000084b00000, 0x0000000084b00000, 0x0000000084c00000|  0%| F|  |TAMS 0x0000000084b00000, 0x0000000084b00000| Untracked 
|  26|0x0000000084c00000, 0x0000000084c00000, 0x0000000084d00000|  0%| F|  |TAMS 0x0000000084c00000, 0x0000000084c00000| Untracked 
|  27|0x0000000084d00000, 0x0000000084d00000, 0x0000000084e00000|  0%| F|  |TAMS 0x0000000084d00000, 0x0000000084d00000| Untracked 
|  28|0x0000000084e00000, 0x0000000084e00000, 0x0000000084f00000|  0%| F|  |TAMS 0x0000000084e00000, 0x0000000084e00000| Untracked 
|  29|0x0000000084f00000, 0x0000000084f00000, 0x0000000085000000|  0%| F|  |TAMS 0x0000000084f00000, 0x0000000084f00000| Untracked 
|  30|0x0000000085000000, 0x0000000085000000, 0x0000000085100000|  0%| F|  |TAMS 0x0000000085000000, 0x0000000085000000| Untracked 
|  31|0x0000000085100000, 0x0000000085100000, 0x0000000085200000|  0%| F|  |TAMS 0x0000000085100000, 0x0000000085100000| Untracked 
|  32|0x0000000085200000, 0x0000000085200000, 0x0000000085300000|  0%| F|  |TAMS 0x0000000085200000, 0x0000000085200000| Untracked 
|  33|0x0000000085300000, 0x0000000085300000, 0x0000000085400000|  0%| F|  |TAMS 0x0000000085300000, 0x0000000085300000| Untracked 
|  34|0x0000000085400000, 0x0000000085400000, 0x0000000085500000|  0%| F|  |TAMS 0x0000000085400000, 0x0000000085400000| Untracked 
|  35|0x0000000085500000, 0x0000000085500000, 0x0000000085600000|  0%| F|  |TAMS 0x0000000085500000, 0x0000000085500000| Untracked 
|  36|0x0000000085600000, 0x0000000085600000, 0x0000000085700000|  0%| F|  |TAMS 0x0000000085600000, 0x0000000085600000| Untracked 
|  37|0x0000000085700000, 0x0000000085700000, 0x0000000085800000|  0%| F|  |TAMS 0x0000000085700000, 0x0000000085700000| Untracked 
|  38|0x0000000085800000, 0x0000000085800000, 0x0000000085900000|  0%| F|  |TAMS 0x0000000085800000, 0x0000000085800000| Untracked 
|  39|0x0000000085900000, 0x0000000085900000, 0x0000000085a00000|  0%| F|  |TAMS 0x0000000085900000, 0x0000000085900000| Untracked 
|  40|0x0000000085a00000, 0x0000000085a00000, 0x0000000085b00000|  0%| F|  |TAMS 0x0000000085a00000, 0x0000000085a00000| Untracked 
|  41|0x0000000085b00000, 0x0000000085b00000, 0x0000000085c00000|  0%| F|  |TAMS 0x0000000085b00000, 0x0000000085b00000| Untracked 
|  42|0x0000000085c00000, 0x0000000085c00000, 0x0000000085d00000|  0%| F|  |TAMS 0x0000000085c00000, 0x0000000085c00000| Untracked 
|  43|0x0000000085d00000, 0x0000000085d00000, 0x0000000085e00000|  0%| F|  |TAMS 0x0000000085d00000, 0x0000000085d00000| Untracked 
|  44|0x0000000085e00000, 0x0000000085e00000, 0x0000000085f00000|  0%| F|  |TAMS 0x0000000085e00000, 0x0000000085e00000| Untracked 
|  45|0x0000000085f00000, 0x0000000085f00000, 0x0000000086000000|  0%| F|  |TAMS 0x0000000085f00000, 0x0000000085f00000| Untracked 
|  46|0x0000000086000000, 0x0000000086000000, 0x0000000086100000|  0%| F|  |TAMS 0x0000000086000000, 0x0000000086000000| Untracked 
|  47|0x0000000086100000, 0x0000000086100000, 0x0000000086200000|  0%| F|  |TAMS 0x0000000086100000, 0x0000000086100000| Untracked 
|  48|0x0000000086200000, 0x0000000086200000, 0x0000000086300000|  0%| F|  |TAMS 0x0000000086200000, 0x0000000086200000| Untracked 
|  49|0x0000000086300000, 0x0000000086300000, 0x0000000086400000|  0%| F|  |TAMS 0x0000000086300000, 0x0000000086300000| Untracked 
|  50|0x0000000086400000, 0x0000000086400000, 0x0000000086500000|  0%| F|  |TAMS 0x0000000086400000, 0x0000000086400000| Untracked 
|  51|0x0000000086500000, 0x0000000086500000, 0x0000000086600000|  0%| F|  |TAMS 0x0000000086500000, 0x0000000086500000| Untracked 
|  52|0x0000000086600000, 0x0000000086600000, 0x0000000086700000|  0%| F|  |TAMS 0x0000000086600000, 0x0000000086600000| Untracked 
|  53|0x0000000086700000, 0x0000000086700000, 0x0000000086800000|  0%| F|  |TAMS 0x0000000086700000, 0x0000000086700000| Untracked 
|  54|0x0000000086800000, 0x0000000086800000, 0x0000000086900000|  0%| F|  |TAMS 0x0000000086800000, 0x0000000086800000| Untracked 
|  55|0x0000000086900000, 0x0000000086900000, 0x0000000086a00000|  0%| F|  |TAMS 0x0000000086900000, 0x0000000086900000| Untracked 
|  56|0x0000000086a00000, 0x0000000086a00000, 0x0000000086b00000|  0%| F|  |TAMS 0x0000000086a00000, 0x0000000086a00000| Untracked 
|  57|0x0000000086b00000, 0x0000000086b00000, 0x0000000086c00000|  0%| F|  |TAMS 0x0000000086b00000, 0x0000000086b00000| Untracked 
|  58|0x0000000086c00000, 0x0000000086c00000, 0x0000000086d00000|  0%| F|  |TAMS 0x0000000086c00000, 0x0000000086c00000| Untracked 
|  59|0x0000000086d00000, 0x0000000086d00000, 0x0000000086e00000|  0%| F|  |TAMS 0x0000000086d00000, 0x0000000086d00000| Untracked 
|  60|0x0000000086e00000, 0x0000000086e00000, 0x0000000086f00000|  0%| F|  |TAMS 0x0000000086e00000, 0x0000000086e00000| Untracked 
|  61|0x0000000086f00000, 0x0000000086f00000, 0x0000000087000000|  0%| F|  |TAMS 0x0000000086f00000, 0x0000000086f00000| Untracked 
|  62|0x0000000087000000, 0x0000000087000000, 0x0000000087100000|  0%| F|  |TAMS 0x0000000087000000, 0x0000000087000000| Untracked 
|  63|0x0000000087100000, 0x0000000087100000, 0x0000000087200000|  0%| F|  |TAMS 0x0000000087100000, 0x0000000087100000| Untracked 
|  64|0x0000000087200000, 0x0000000087200000, 0x0000000087300000|  0%| F|  |TAMS 0x0000000087200000, 0x0000000087200000| Untracked 
|  65|0x0000000087300000, 0x0000000087300000, 0x0000000087400000|  0%| F|  |TAMS 0x0000000087300000, 0x0000000087300000| Untracked 
|  66|0x0000000087400000, 0x0000000087400000, 0x0000000087500000|  0%| F|  |TAMS 0x0000000087400000, 0x0000000087400000| Untracked 
|  67|0x0000000087500000, 0x0000000087500000, 0x0000000087600000|  0%| F|  |TAMS 0x0000000087500000, 0x0000000087500000| Untracked 
|  68|0x0000000087600000, 0x0000000087600000, 0x0000000087700000|  0%| F|  |TAMS 0x0000000087600000, 0x0000000087600000| Untracked 
|  69|0x0000000087700000, 0x0000000087700000, 0x0000000087800000|  0%| F|  |TAMS 0x0000000087700000, 0x0000000087700000| Untracked 
|  70|0x0000000087800000, 0x0000000087800000, 0x0000000087900000|  0%| F|  |TAMS 0x0000000087800000, 0x0000000087800000| Untracked 
|  71|0x0000000087900000, 0x0000000087900000, 0x0000000087a00000|  0%| F|  |TAMS 0x0000000087900000, 0x0000000087900000| Untracked 
|  72|0x0000000087a00000, 0x0000000087a00000, 0x0000000087b00000|  0%| F|  |TAMS 0x0000000087a00000, 0x0000000087a00000| Untracked 
|  73|0x0000000087b00000, 0x0000000087b00000, 0x0000000087c00000|  0%| F|  |TAMS 0x0000000087b00000, 0x0000000087b00000| Untracked 
|  74|0x0000000087c00000, 0x0000000087c00000, 0x0000000087d00000|  0%| F|  |TAMS 0x0000000087c00000, 0x0000000087c00000| Untracked 
|  75|0x0000000087d00000, 0x0000000087d00000, 0x0000000087e00000|  0%| F|  |TAMS 0x0000000087d00000, 0x0000000087d00000| Untracked 
|  76|0x0000000087e00000, 0x0000000087e00000, 0x0000000087f00000|  0%| F|  |TAMS 0x0000000087e00000, 0x0000000087e00000| Untracked 
|  77|0x0000000087f00000, 0x0000000087f00000, 0x0000000088000000|  0%| F|  |TAMS 0x0000000087f00000, 0x0000000087f00000| Untracked 
|  78|0x0000000088000000, 0x0000000088000000, 0x0000000088100000|  0%| F|  |TAMS 0x0000000088000000, 0x0000000088000000| Untracked 
|  79|0x0000000088100000, 0x0000000088100000, 0x0000000088200000|  0%| F|  |TAMS 0x0000000088100000, 0x0000000088100000| Untracked 
|  80|0x0000000088200000, 0x0000000088200000, 0x0000000088300000|  0%| F|  |TAMS 0x0000000088200000, 0x0000000088200000| Untracked 
|  81|0x0000000088300000, 0x0000000088300000, 0x0000000088400000|  0%| F|  |TAMS 0x0000000088300000, 0x0000000088300000| Untracked 
|  82|0x0000000088400000, 0x0000000088400000, 0x0000000088500000|  0%| F|  |TAMS 0x0000000088400000, 0x0000000088400000| Untracked 
|  83|0x0000000088500000, 0x0000000088500000, 0x0000000088600000|  0%| F|  |TAMS 0x0000000088500000, 0x0000000088500000| Untracked 
|  84|0x0000000088600000, 0x0000000088600000, 0x0000000088700000|  0%| F|  |TAMS 0x0000000088600000, 0x0000000088600000| Untracked 
|  85|0x0000000088700000, 0x0000000088700000, 0x0000000088800000|  0%| F|  |TAMS 0x0000000088700000, 0x0000000088700000| Untracked 
|  86|0x0000000088800000, 0x0000000088800000, 0x0000000088900000|  0%| F|  |TAMS 0x0000000088800000, 0x0000000088800000| Untracked 
|  87|0x0000000088900000, 0x0000000088900000, 0x0000000088a00000|  0%| F|  |TAMS 0x0000000088900000, 0x0000000088900000| Untracked 
|  88|0x0000000088a00000, 0x0000000088a00000, 0x0000000088b00000|  0%| F|  |TAMS 0x0000000088a00000, 0x0000000088a00000| Untracked 
|  89|0x0000000088b00000, 0x0000000088b00000, 0x0000000088c00000|  0%| F|  |TAMS 0x0000000088b00000, 0x0000000088b00000| Untracked 
|  90|0x0000000088c00000, 0x0000000088c80800, 0x0000000088d00000| 50%| E|  |TAMS 0x0000000088c00000, 0x0000000088c00000| Complete 
|  91|0x0000000088d00000, 0x0000000088e00000, 0x0000000088e00000|100%| E|CS|TAMS 0x0000000088d00000, 0x0000000088d00000| Complete 
|  92|0x0000000088e00000, 0x0000000088f00000, 0x0000000088f00000|100%| E|CS|TAMS 0x0000000088e00000, 0x0000000088e00000| Complete 
|  93|0x0000000088f00000, 0x0000000089000000, 0x0000000089000000|100%| E|CS|TAMS 0x0000000088f00000, 0x0000000088f00000| Complete 
|  94|0x0000000089000000, 0x0000000089100000, 0x0000000089100000|100%| E|CS|TAMS 0x0000000089000000, 0x0000000089000000| Complete 
|  95|0x0000000089100000, 0x0000000089200000, 0x0000000089200000|100%| E|CS|TAMS 0x0000000089100000, 0x0000000089100000| Complete 
|  96|0x0000000089200000, 0x0000000089300000, 0x0000000089300000|100%| E|CS|TAMS 0x0000000089200000, 0x0000000089200000| Complete 
|  97|0x0000000089300000, 0x0000000089400000, 0x0000000089400000|100%| E|CS|TAMS 0x0000000089300000, 0x0000000089300000| Complete 
|  98|0x0000000089400000, 0x0000000089500000, 0x0000000089500000|100%| E|CS|TAMS 0x0000000089400000, 0x0000000089400000| Complete 
|  99|0x0000000089500000, 0x0000000089600000, 0x0000000089600000|100%| E|CS|TAMS 0x0000000089500000, 0x0000000089500000| Complete 
| 100|0x0000000089600000, 0x0000000089700000, 0x0000000089700000|100%| E|CS|TAMS 0x0000000089600000, 0x0000000089600000| Complete 
| 101|0x0000000089700000, 0x0000000089800000, 0x0000000089800000|100%| E|CS|TAMS 0x0000000089700000, 0x0000000089700000| Complete 
| 102|0x0000000089800000, 0x0000000089900000, 0x0000000089900000|100%| E|CS|TAMS 0x0000000089800000, 0x0000000089800000| Complete 
| 103|0x0000000089900000, 0x00000000899fdfc8, 0x0000000089a00000| 99%| S|CS|TAMS 0x0000000089900000, 0x0000000089900000| Complete 
| 104|0x0000000089a00000, 0x0000000089b00000, 0x0000000089b00000|100%| S|CS|TAMS 0x0000000089a00000, 0x0000000089a00000| Complete 
| 105|0x0000000089b00000, 0x0000000089c00000, 0x0000000089c00000|100%| S|CS|TAMS 0x0000000089b00000, 0x0000000089b00000| Complete 
| 106|0x0000000089c00000, 0x0000000089d00000, 0x0000000089d00000|100%| S|CS|TAMS 0x0000000089c00000, 0x0000000089c00000| Complete 
| 107|0x0000000089d00000, 0x0000000089e00000, 0x0000000089e00000|100%| S|CS|TAMS 0x0000000089d00000, 0x0000000089d00000| Complete 
| 108|0x0000000089e00000, 0x0000000089f00000, 0x0000000089f00000|100%| S|CS|TAMS 0x0000000089e00000, 0x0000000089e00000| Complete 
| 109|0x0000000089f00000, 0x000000008a000000, 0x000000008a000000|100%| S|CS|TAMS 0x0000000089f00000, 0x0000000089f00000| Complete 
| 110|0x000000008a000000, 0x000000008a100000, 0x000000008a100000|100%| E|CS|TAMS 0x000000008a000000, 0x000000008a000000| Complete 
| 111|0x000000008a100000, 0x000000008a200000, 0x000000008a200000|100%| E|CS|TAMS 0x000000008a100000, 0x000000008a100000| Complete 
| 112|0x000000008a200000, 0x000000008a300000, 0x000000008a300000|100%| E|CS|TAMS 0x000000008a200000, 0x000000008a200000| Complete 
| 113|0x000000008a300000, 0x000000008a400000, 0x000000008a400000|100%| E|CS|TAMS 0x000000008a300000, 0x000000008a300000| Complete 
| 114|0x000000008a400000, 0x000000008a500000, 0x000000008a500000|100%| E|CS|TAMS 0x000000008a400000, 0x000000008a400000| Complete 
| 115|0x000000008a500000, 0x000000008a600000, 0x000000008a600000|100%| E|CS|TAMS 0x000000008a500000, 0x000000008a500000| Complete 
| 116|0x000000008a600000, 0x000000008a700000, 0x000000008a700000|100%| E|CS|TAMS 0x000000008a600000, 0x000000008a600000| Complete 
| 117|0x000000008a700000, 0x000000008a800000, 0x000000008a800000|100%| E|CS|TAMS 0x000000008a700000, 0x000000008a700000| Complete 
| 118|0x000000008a800000, 0x000000008a900000, 0x000000008a900000|100%| E|CS|TAMS 0x000000008a800000, 0x000000008a800000| Complete 
| 119|0x000000008a900000, 0x000000008aa00000, 0x000000008aa00000|100%| E|CS|TAMS 0x000000008a900000, 0x000000008a900000| Complete 
| 120|0x000000008aa00000, 0x000000008ab00000, 0x000000008ab00000|100%| E|CS|TAMS 0x000000008aa00000, 0x000000008aa00000| Complete 
| 121|0x000000008ab00000, 0x000000008ac00000, 0x000000008ac00000|100%| E|CS|TAMS 0x000000008ab00000, 0x000000008ab00000| Complete 
| 122|0x000000008ac00000, 0x000000008ad00000, 0x000000008ad00000|100%| E|CS|TAMS 0x000000008ac00000, 0x000000008ac00000| Complete 
| 123|0x000000008ad00000, 0x000000008ae00000, 0x000000008ae00000|100%| E|CS|TAMS 0x000000008ad00000, 0x000000008ad00000| Complete 
| 124|0x000000008ae00000, 0x000000008af00000, 0x000000008af00000|100%| E|CS|TAMS 0x000000008ae00000, 0x000000008ae00000| Complete 
| 125|0x000000008af00000, 0x000000008b000000, 0x000000008b000000|100%| E|CS|TAMS 0x000000008af00000, 0x000000008af00000| Complete 
| 126|0x000000008b000000, 0x000000008b100000, 0x000000008b100000|100%| E|CS|TAMS 0x000000008b000000, 0x000000008b000000| Complete 
| 127|0x000000008b100000, 0x000000008b200000, 0x000000008b200000|100%| E|CS|TAMS 0x000000008b100000, 0x000000008b100000| Complete 
| 128|0x000000008b200000, 0x000000008b300000, 0x000000008b300000|100%| E|CS|TAMS 0x000000008b200000, 0x000000008b200000| Complete 
| 129|0x000000008b300000, 0x000000008b400000, 0x000000008b400000|100%| E|CS|TAMS 0x000000008b300000, 0x000000008b300000| Complete 
| 130|0x000000008b400000, 0x000000008b500000, 0x000000008b500000|100%| E|CS|TAMS 0x000000008b400000, 0x000000008b400000| Complete 
| 131|0x000000008b500000, 0x000000008b600000, 0x000000008b600000|100%| E|CS|TAMS 0x000000008b500000, 0x000000008b500000| Complete 
| 132|0x000000008b600000, 0x000000008b700000, 0x000000008b700000|100%| E|CS|TAMS 0x000000008b600000, 0x000000008b600000| Complete 
| 133|0x000000008b700000, 0x000000008b800000, 0x000000008b800000|100%| E|CS|TAMS 0x000000008b700000, 0x000000008b700000| Complete 
| 134|0x000000008b800000, 0x000000008b900000, 0x000000008b900000|100%| E|CS|TAMS 0x000000008b800000, 0x000000008b800000| Complete 
| 135|0x000000008b900000, 0x000000008ba00000, 0x000000008ba00000|100%| E|CS|TAMS 0x000000008b900000, 0x000000008b900000| Complete 
| 136|0x000000008ba00000, 0x000000008bb00000, 0x000000008bb00000|100%| E|CS|TAMS 0x000000008ba00000, 0x000000008ba00000| Complete 
| 137|0x000000008bb00000, 0x000000008bc00000, 0x000000008bc00000|100%| E|CS|TAMS 0x000000008bb00000, 0x000000008bb00000| Complete 
| 138|0x000000008bc00000, 0x000000008bd00000, 0x000000008bd00000|100%| E|CS|TAMS 0x000000008bc00000, 0x000000008bc00000| Complete 
| 139|0x000000008bd00000, 0x000000008be00000, 0x000000008be00000|100%| E|CS|TAMS 0x000000008bd00000, 0x000000008bd00000| Complete 
| 140|0x000000008be00000, 0x000000008bf00000, 0x000000008bf00000|100%| E|CS|TAMS 0x000000008be00000, 0x000000008be00000| Complete 
| 141|0x000000008bf00000, 0x000000008c000000, 0x000000008c000000|100%| E|CS|TAMS 0x000000008bf00000, 0x000000008bf00000| Complete 
| 142|0x000000008c000000, 0x000000008c100000, 0x000000008c100000|100%| E|CS|TAMS 0x000000008c000000, 0x000000008c000000| Complete 
| 143|0x000000008c100000, 0x000000008c200000, 0x000000008c200000|100%| E|CS|TAMS 0x000000008c100000, 0x000000008c100000| Complete 
| 144|0x000000008c200000, 0x000000008c300000, 0x000000008c300000|100%| E|CS|TAMS 0x000000008c200000, 0x000000008c200000| Complete 
| 145|0x000000008c300000, 0x000000008c400000, 0x000000008c400000|100%| E|CS|TAMS 0x000000008c300000, 0x000000008c300000| Complete 
| 146|0x000000008c400000, 0x000000008c500000, 0x000000008c500000|100%| E|CS|TAMS 0x000000008c400000, 0x000000008c400000| Complete 
| 147|0x000000008c500000, 0x000000008c600000, 0x000000008c600000|100%| E|CS|TAMS 0x000000008c500000, 0x000000008c500000| Complete 
| 148|0x000000008c600000, 0x000000008c700000, 0x000000008c700000|100%| E|CS|TAMS 0x000000008c600000, 0x000000008c600000| Complete 
| 149|0x000000008c700000, 0x000000008c800000, 0x000000008c800000|100%| E|CS|TAMS 0x000000008c700000, 0x000000008c700000| Complete 
| 150|0x000000008c800000, 0x000000008c900000, 0x000000008c900000|100%| E|CS|TAMS 0x000000008c800000, 0x000000008c800000| Complete 
| 151|0x000000008c900000, 0x000000008ca00000, 0x000000008ca00000|100%| E|CS|TAMS 0x000000008c900000, 0x000000008c900000| Complete 

Card table byte_map: [0x000001d2cad20000,0x000001d2cb110000] _byte_map_base: 0x000001d2ca907000

Marking Bits (Prev, Next): (CMBitMap*) 0x000001d2b3f73368, (CMBitMap*) 0x000001d2b3f733a0
 Prev Bits: [0x000001d2cb500000, 0x000001d2cd438000)
 Next Bits: [0x000001d2cd440000, 0x000001d2cf378000)

Polling page: 0x000001d2b3710000

Metaspace:

Usage:
  Non-class:     36.13 MB capacity,    35.43 MB ( 98%) used,   569.31 KB (  2%) free+waste,   146.69 KB ( <1%) overhead. 
      Class:      5.46 MB capacity,     4.95 MB ( 91%) used,   450.13 KB (  8%) free+waste,    74.56 KB (  1%) overhead. 
       Both:     41.59 MB capacity,    40.38 MB ( 97%) used,  1019.44 KB (  2%) free+waste,   221.25 KB ( <1%) overhead. 

Virtual space:
  Non-class space:       38.00 MB reserved,      36.25 MB ( 95%) committed 
      Class space:        1.00 GB reserved,       5.55 MB ( <1%) committed 
             Both:        1.04 GB reserved,      41.80 MB (  4%) committed 

Chunk freelists:
   Non-Class:  7.00 KB
       Class:  1.38 KB
        Both:  8.38 KB

CodeHeap 'non-profiled nmethods': size=120000Kb used=1597Kb max_used=1597Kb free=118402Kb
 bounds [0x000001d2c30d0000, 0x000001d2c3340000, 0x000001d2ca600000]
CodeHeap 'profiled nmethods': size=120000Kb used=8519Kb max_used=8519Kb free=111480Kb
 bounds [0x000001d2bbba0000, 0x000001d2bc400000, 0x000001d2c30d0000]
CodeHeap 'non-nmethods': size=5760Kb used=1139Kb max_used=1182Kb free=4621Kb
 bounds [0x000001d2bb600000, 0x000001d2bb870000, 0x000001d2bbba0000]
 total_blobs=4353 nmethods=3883 adapters=381
 compilation: enabled
              stopped_count=0, restarted_count=0
 full_count=0

Compilation events (10 events):
Event: 6.082 Thread 0x000001d2d1df6000 3913       3       sun.security.provider.SHA::implCompress0 (482 bytes)
Event: 6.082 Thread 0x000001d2d1df6000 nmethod 3913 0x000001d2bc3eff10 code [0x000001d2bc3f0120, 0x000001d2bc3f09d8]
Event: 6.082 Thread 0x000001d2d1df6000 3914       1       java.nio.charset.Charset::name (5 bytes)
Event: 6.082 Thread 0x000001d2d1df6000 nmethod 3914 0x000001d2c325f390 code [0x000001d2c325f520, 0x000001d2c325f5d8]
Event: 6.082 Thread 0x000001d2d1df6000 3915       3       sun.security.provider.SHA::implCompress (13 bytes)
Event: 6.082 Thread 0x000001d2d1df6000 nmethod 3915 0x000001d2bc3f0e90 code [0x000001d2bc3f1060, 0x000001d2bc3f1388]
Event: 6.082 Thread 0x000001d2d1df6000 3917       2       java.lang.ThreadLocal::get (38 bytes)
Event: 6.083 Thread 0x000001d2d1df6000 nmethod 3917 0x000001d2bc3f1510 code [0x000001d2bc3f16c0, 0x000001d2bc3f1868]
Event: 6.083 Thread 0x000001d2d1df6000 3916       3       sun.security.provider.SHA::implCompressCheck (15 bytes)
Event: 6.083 Thread 0x000001d2d1df6000 nmethod 3916 0x000001d2bc3f1990 code [0x000001d2bc3f1b60, 0x000001d2bc3f1df8]

GC Heap History (10 events):
Event: 0.684 GC heap before
{Heap before GC invocations=1 (full 0):
 garbage-first heap   total 129024K, used 30310K [0x0000000083200000, 0x0000000100000000)
  region size 1024K, 25 young (25600K), 3 survivors (3072K)
 Metaspace       used 15411K, capacity 15942K, committed 16256K, reserved 1062912K
  class space    used 1632K, capacity 1834K, committed 1920K, reserved 1048576K
}
Event: 0.687 GC heap after
{Heap after GC invocations=2 (full 0):
 garbage-first heap   total 129024K, used 8755K [0x0000000083200000, 0x0000000100000000)
  region size 1024K, 1 young (1024K), 1 survivors (1024K)
 Metaspace       used 15411K, capacity 15942K, committed 16256K, reserved 1062912K
  class space    used 1632K, capacity 1834K, committed 1920K, reserved 1048576K
}
Event: 1.028 GC heap before
{Heap before GC invocations=2 (full 0):
 garbage-first heap   total 129024K, used 44595K [0x0000000083200000, 0x0000000100000000)
  region size 1024K, 37 young (37888K), 1 survivors (1024K)
 Metaspace       used 20514K, capacity 21221K, committed 21296K, reserved 1069056K
  class space    used 2303K, capacity 2586K, committed 2608K, reserved 1048576K
}
Event: 1.033 GC heap after
{Heap after GC invocations=3 (full 0):
 garbage-first heap   total 129024K, used 10169K [0x0000000083200000, 0x0000000100000000)
  region size 1024K, 3 young (3072K), 3 survivors (3072K)
 Metaspace       used 20514K, capacity 21221K, committed 21296K, reserved 1069056K
  class space    used 2303K, capacity 2586K, committed 2608K, reserved 1048576K
}
Event: 1.415 GC heap before
{Heap before GC invocations=4 (full 0):
 garbage-first heap   total 129024K, used 61369K [0x0000000083200000, 0x0000000100000000)
  region size 1024K, 54 young (55296K), 3 survivors (3072K)
 Metaspace       used 27954K, capacity 28904K, committed 29104K, reserved 1075200K
  class space    used 3269K, capacity 3667K, committed 3760K, reserved 1048576K
}
Event: 1.421 GC heap after
{Heap after GC invocations=5 (full 0):
 garbage-first heap   total 129024K, used 11698K [0x0000000083200000, 0x0000000100000000)
  region size 1024K, 4 young (4096K), 4 survivors (4096K)
 Metaspace       used 27954K, capacity 28904K, committed 29104K, reserved 1075200K
  class space    used 3269K, capacity 3667K, committed 3760K, reserved 1048576K
}
Event: 2.077 GC heap before
{Heap before GC invocations=5 (full 0):
 garbage-first heap   total 129024K, used 84402K [0x0000000083200000, 0x0000000100000000)
  region size 1024K, 75 young (76800K), 4 survivors (4096K)
 Metaspace       used 30689K, capacity 31690K, committed 31920K, reserved 1077248K
  class space    used 3565K, capacity 3976K, committed 4016K, reserved 1048576K
}
Event: 2.086 GC heap after
{Heap after GC invocations=6 (full 0):
 garbage-first heap   total 155648K, used 14069K [0x0000000083200000, 0x0000000100000000)
  region size 1024K, 6 young (6144K), 6 survivors (6144K)
 Metaspace       used 30689K, capacity 31690K, committed 31920K, reserved 1077248K
  class space    used 3565K, capacity 3976K, committed 4016K, reserved 1048576K
}
Event: 2.540 GC heap before
{Heap before GC invocations=6 (full 0):
 garbage-first heap   total 155648K, used 56053K [0x0000000083200000, 0x0000000100000000)
  region size 1024K, 48 young (49152K), 6 survivors (6144K)
 Metaspace       used 34787K, capacity 35890K, committed 35920K, reserved 1081344K
  class space    used 4096K, capacity 4528K, committed 4528K, reserved 1048576K
}
Event: 2.547 GC heap after
{Heap after GC invocations=7 (full 0):
 garbage-first heap   total 155648K, used 15743K [0x0000000083200000, 0x0000000100000000)
  region size 1024K, 7 young (7168K), 7 survivors (7168K)
 Metaspace       used 34787K, capacity 35890K, committed 35920K, reserved 1081344K
  class space    used 4096K, capacity 4528K, committed 4528K, reserved 1048576K
}

Deoptimization events (10 events):
Event: 2.715 Thread 0x000001d2b3f36000 Uncommon trap: reason=class_check action=maybe_recompile pc=0x000001d2c31df9d8 method=java.util.concurrent.ConcurrentHashMap.putVal(Ljava/lang/Object;Ljava/lang/Object;Z)Ljava/lang/Object; @ 242 c2
Event: 2.716 Thread 0x000001d2b3f36000 Uncommon trap: reason=class_check action=maybe_recompile pc=0x000001d2c31df9d8 method=java.util.concurrent.ConcurrentHashMap.putVal(Ljava/lang/Object;Ljava/lang/Object;Z)Ljava/lang/Object; @ 242 c2
Event: 2.726 Thread 0x000001d2b3f36000 Uncommon trap: reason=class_check action=maybe_recompile pc=0x000001d2c31df9d8 method=java.util.concurrent.ConcurrentHashMap.putVal(Ljava/lang/Object;Ljava/lang/Object;Z)Ljava/lang/Object; @ 242 c2
Event: 2.798 Thread 0x000001d2b3f36000 Uncommon trap: reason=null_check action=make_not_entrant pc=0x000001d2c3203898 method=org.springframework.beans.factory.support.DefaultListableBeanFactory.getBeanDefinition(Ljava/lang/String;)Lorg/springframework/beans/factory/config/BeanDefinition; @ 10 
Event: 2.817 Thread 0x000001d2b3f36000 Uncommon trap: reason=unstable_if action=reinterpret pc=0x000001d2c314e420 method=java.util.zip.ZipFile$Source.getEntryPos([BZ)I @ 145 c2
Event: 2.817 Thread 0x000001d2b3f36000 Uncommon trap: reason=unstable_if action=reinterpret pc=0x000001d2c3188680 method=java.net.URL.<init>(Ljava/net/URL;Ljava/lang/String;Ljava/net/URLStreamHandler;)V @ 57 c2
Event: 2.817 Thread 0x000001d2b3f36000 Uncommon trap: reason=unstable_if action=reinterpret pc=0x000001d2c3173634 method=java.net.URLStreamHandler.parseURL(Ljava/net/URL;Ljava/lang/String;II)V @ 57 c2
Event: 2.829 Thread 0x000001d2b3f36000 Uncommon trap: reason=unstable_if action=reinterpret pc=0x000001d2c317a294 method=sun.net.www.ParseUtil.firstEncodeIndex(Ljava/lang/String;)I @ 51 c2
Event: 2.829 Thread 0x000001d2b3f36000 Uncommon trap: reason=unstable_if action=reinterpret pc=0x000001d2c31353fc method=sun.net.www.ParseUtil.firstEncodeIndex(Ljava/lang/String;)I @ 51 c2
Event: 2.830 Thread 0x000001d2b3f36000 Uncommon trap: reason=unstable_if action=reinterpret pc=0x000001d2c312f3c4 method=sun.net.www.ParseUtil.firstEncodeIndex(Ljava/lang/String;)I @ 51 c2

Classes redefined (0 events):
No events

Internal exceptions (10 events):
Event: 2.808 Thread 0x000001d2b3f36000 Exception <a 'java/lang/ClassNotFoundException'{0x000000008a94e0d8}: org/springframework/beans/factory/AwareCustomizer> (0x000000008a94e0d8) thrown at [./open/src/hotspot/share/classfile/systemDictionary.cpp, line 226]
Event: 2.809 Thread 0x000001d2b3f36000 Exception <a 'java/lang/ClassNotFoundException'{0x000000008a964e40}: org/springframework/beans/factory/BeanFactoryAwareCustomizer> (0x000000008a964e40) thrown at [./open/src/hotspot/share/classfile/systemDictionary.cpp, line 226]
Event: 2.809 Thread 0x000001d2b3f36000 Exception <a 'java/lang/ClassNotFoundException'{0x000000008a97a8b8}: org/springframework/beans/factory/AwareCustomizer> (0x000000008a97a8b8) thrown at [./open/src/hotspot/share/classfile/systemDictionary.cpp, line 226]
Event: 2.809 Thread 0x000001d2b3f36000 Exception <a 'java/lang/ClassNotFoundException'{0x000000008a990a20}: org/springframework/beans/factory/BeanNameAwareCustomizer> (0x000000008a990a20) thrown at [./open/src/hotspot/share/classfile/systemDictionary.cpp, line 226]
Event: 2.809 Thread 0x000001d2b3f36000 Exception <a 'java/lang/ClassNotFoundException'{0x000000008a9a6358}: org/springframework/beans/factory/AwareCustomizer> (0x000000008a9a6358) thrown at [./open/src/hotspot/share/classfile/systemDictionary.cpp, line 226]
Event: 2.809 Thread 0x000001d2b3f36000 Exception <a 'java/lang/ClassNotFoundException'{0x000000008a9bd0c0}: org/springframework/beans/factory/InitializingBeanCustomizer> (0x000000008a9bd0c0) thrown at [./open/src/hotspot/share/classfile/systemDictionary.cpp, line 226]
Event: 2.810 Thread 0x000001d2b3f36000 Exception <a 'java/lang/ClassNotFoundException'{0x000000008a9d3ed8}: org/springframework/beans/factory/DisposableBeanCustomizer> (0x000000008a9d3ed8) thrown at [./open/src/hotspot/share/classfile/systemDictionary.cpp, line 226]
Event: 2.810 Thread 0x000001d2b3f36000 Exception <a 'java/lang/ClassNotFoundException'{0x000000008a9ec070}: org/springframework/orm/jpa/EntityManagerFactoryInfoCustomizer> (0x000000008a9ec070) thrown at [./open/src/hotspot/share/classfile/systemDictionary.cpp, line 226]
Event: 2.811 Thread 0x000001d2b3f36000 Exception <a 'java/lang/ClassNotFoundException'{0x000000008a80fbf0}: org/springframework/dao/support/PersistenceExceptionTranslatorCustomizer> (0x000000008a80fbf0) thrown at [./open/src/hotspot/share/classfile/systemDictionary.cpp, line 226]
Event: 6.078 Thread 0x000001d2b3f36000 Exception <a 'java/lang/NoSuchMethodError'{0x0000000088c0ca40}: java.lang.invoke.DirectMethodHandle$Holder.invokeStaticInit(Ljava/lang/Object;IIII)Ljava/lang/Object;> (0x0000000088c0ca40) thrown at [./open/src/hotspot/share/interpreter/linkResolver.cpp, l

Events (10 events):
Event: 6.081 loading class sun/security/provider/ByteArrayAccess
Event: 6.081 loading class sun/security/provider/ByteArrayAccess done
Event: 6.083 loading class java/net/NetworkInterface
Event: 6.083 loading class java/net/NetworkInterface done
Event: 6.083 loading class java/net/NetworkInterface$1
Event: 6.083 loading class java/net/NetworkInterface$1 done
Event: 6.083 loading class java/net/InterfaceAddress
Event: 6.083 loading class java/net/InterfaceAddress done
Event: 6.083 loading class java/net/DefaultInterface
Event: 6.083 loading class java/net/DefaultInterface done


Dynamic libraries:
0x00007ff765130000 - 0x00007ff76513f000 	C:\Program Files\Java\jdk-11.0.17\bin\java.exe
0x00007ff97c1f0000 - 0x00007ff97c404000 	C:\WINDOWS\SYSTEM32\ntdll.dll
0x00007ff97a800000 - 0x00007ff97a8c2000 	C:\WINDOWS\System32\KERNEL32.DLL
0x00007ff979740000 - 0x00007ff979ae3000 	C:\WINDOWS\System32\KERNELBASE.dll
0x00007ff979af0000 - 0x00007ff979c01000 	C:\WINDOWS\System32\ucrtbase.dll
0x00007ff96d300000 - 0x00007ff96d318000 	C:\Program Files\Java\jdk-11.0.17\bin\jli.dll
0x00007ff96d2e0000 - 0x00007ff96d2f5000 	C:\Program Files\Java\jdk-11.0.17\bin\VCRUNTIME140.dll
0x00007ff97ac10000 - 0x00007ff97acbe000 	C:\WINDOWS\System32\ADVAPI32.dll
0x00007ff97aa80000 - 0x00007ff97ab27000 	C:\WINDOWS\System32\msvcrt.dll
0x00007ff97c0f0000 - 0x00007ff97c194000 	C:\WINDOWS\System32\sechost.dll
0x00007ff97bd20000 - 0x00007ff97be37000 	C:\WINDOWS\System32\RPCRT4.dll
0x00007ff97a8d0000 - 0x00007ff97aa7a000 	C:\WINDOWS\System32\USER32.dll
0x00007ff9795f0000 - 0x00007ff979616000 	C:\WINDOWS\System32\win32u.dll
0x00007ff978140000 - 0x00007ff9783ce000 	C:\WINDOWS\WinSxS\amd64_microsoft.windows.common-controls_6595b64144ccf1df_6.0.22621.1635_none_270f70857386168e\COMCTL32.dll
0x00007ff97a080000 - 0x00007ff97a0a9000 	C:\WINDOWS\System32\GDI32.dll
0x00007ff979c80000 - 0x00007ff979d99000 	C:\WINDOWS\System32\gdi32full.dll
0x00007ff9796a0000 - 0x00007ff97973a000 	C:\WINDOWS\System32\msvcp_win.dll
0x00007ff9770a0000 - 0x00007ff9770aa000 	C:\WINDOWS\SYSTEM32\VERSION.dll
0x00007ff97abd0000 - 0x00007ff97ac01000 	C:\WINDOWS\System32\IMM32.DLL
0x00007ff9584f0000 - 0x00007ff95858b000 	C:\Program Files\Java\jdk-11.0.17\bin\msvcp140.dll
0x00007ff8fee50000 - 0x00007ff8ff96a000 	C:\Program Files\Java\jdk-11.0.17\bin\server\jvm.dll
0x00007ff97ba60000 - 0x00007ff97ba68000 	C:\WINDOWS\System32\PSAPI.DLL
0x00007ff959c20000 - 0x00007ff959c29000 	C:\WINDOWS\SYSTEM32\WSOCK32.dll
0x00007ff96be00000 - 0x00007ff96be34000 	C:\WINDOWS\SYSTEM32\WINMM.dll
0x00007ff97ba70000 - 0x00007ff97bae1000 	C:\WINDOWS\System32\WS2_32.dll
0x00007ff977ee0000 - 0x00007ff977ef8000 	C:\WINDOWS\SYSTEM32\kernel.appcore.dll
0x00007ff970420000 - 0x00007ff970430000 	C:\Program Files\Java\jdk-11.0.17\bin\verify.dll
0x00007ff978f00000 - 0x00007ff97912e000 	C:\WINDOWS\SYSTEM32\DBGHELP.DLL
0x00007ff97a1b0000 - 0x00007ff97a539000 	C:\WINDOWS\System32\combase.dll
0x00007ff97a540000 - 0x00007ff97a617000 	C:\WINDOWS\System32\OLEAUT32.dll
0x00007ff978bf0000 - 0x00007ff978c22000 	C:\WINDOWS\SYSTEM32\dbgcore.DLL
0x00007ff979620000 - 0x00007ff97969a000 	C:\WINDOWS\System32\bcryptPrimitives.dll
0x00007ff962800000 - 0x00007ff962828000 	C:\Program Files\Java\jdk-11.0.17\bin\java.dll
0x00007ff96f2b0000 - 0x00007ff96f2ba000 	C:\Program Files\Java\jdk-11.0.17\bin\jimage.dll
0x00007ff96d2c0000 - 0x00007ff96d2d6000 	C:\Program Files\Java\jdk-11.0.17\bin\zip.dll
0x00007ff97b160000 - 0x00007ff97b959000 	C:\WINDOWS\System32\SHELL32.dll
0x00007ff9766e0000 - 0x00007ff976fae000 	C:\WINDOWS\SYSTEM32\windows.storage.dll
0x00007ff9765a0000 - 0x00007ff9766de000 	C:\WINDOWS\SYSTEM32\wintypes.dll
0x00007ff97a0b0000 - 0x00007ff97a1a1000 	C:\WINDOWS\System32\SHCORE.dll
0x00007ff97beb0000 - 0x00007ff97bf0e000 	C:\WINDOWS\System32\shlwapi.dll
0x00007ff979520000 - 0x00007ff979546000 	C:\WINDOWS\SYSTEM32\profapi.dll
0x00007ff960340000 - 0x00007ff960359000 	C:\Program Files\Java\jdk-11.0.17\bin\net.dll
0x00007ff96e790000 - 0x00007ff96e8c7000 	C:\WINDOWS\SYSTEM32\WINHTTP.dll
0x00007ff978700000 - 0x00007ff978769000 	C:\WINDOWS\system32\mswsock.dll
0x00007ff95ee30000 - 0x00007ff95ee42000 	C:\Program Files\Java\jdk-11.0.17\bin\nio.dll
0x00007ff970530000 - 0x00007ff970539000 	C:\Program Files\Java\jdk-11.0.17\bin\management.dll
0x00007ff970410000 - 0x00007ff97041b000 	C:\Program Files\Java\jdk-11.0.17\bin\management_ext.dll
0x00007ff956920000 - 0x00007ff956937000 	C:\WINDOWS\system32\napinsp.dll
0x00007ff956900000 - 0x00007ff95691b000 	C:\WINDOWS\system32\pnrpnsp.dll
0x00007ff9779f0000 - 0x00007ff977ae3000 	C:\WINDOWS\SYSTEM32\DNSAPI.dll
0x00007ff977c10000 - 0x00007ff977c3d000 	C:\WINDOWS\SYSTEM32\IPHLPAPI.DLL
0x00007ff97b150000 - 0x00007ff97b159000 	C:\WINDOWS\System32\NSI.dll
0x00007ff9568e0000 - 0x00007ff9568f1000 	C:\WINDOWS\System32\winrnr.dll
0x00007ff96b790000 - 0x00007ff96b7a5000 	C:\WINDOWS\system32\wshbth.dll
0x00007ff9568b0000 - 0x00007ff9568d1000 	C:\WINDOWS\system32\nlansp_c.dll
0x00007ff969cd0000 - 0x00007ff969cda000 	C:\Windows\System32\rasadhlp.dll
0x00007ff96ba80000 - 0x00007ff96bb04000 	C:\WINDOWS\System32\fwpuclnt.dll
0x00007ff979290000 - 0x00007ff9792ab000 	C:\WINDOWS\SYSTEM32\CRYPTSP.dll
0x00007ff977f60000 - 0x00007ff977f95000 	C:\WINDOWS\system32\rsaenh.dll
0x00007ff978800000 - 0x00007ff97882c000 	C:\WINDOWS\SYSTEM32\USERENV.dll
0x00007ff978e90000 - 0x00007ff978eb8000 	C:\WINDOWS\SYSTEM32\bcrypt.dll
0x00007ff978960000 - 0x00007ff97896c000 	C:\WINDOWS\SYSTEM32\CRYPTBASE.dll
0x00007ff96dcf0000 - 0x00007ff96dd09000 	C:\WINDOWS\SYSTEM32\dhcpcsvc6.DLL
0x00007ff96dcd0000 - 0x00007ff96dcef000 	C:\WINDOWS\SYSTEM32\dhcpcsvc.DLL

dbghelp: loaded successfully - version: 4.0.5 - missing functions: none
symbol engine: initialized successfully - sym options: 0x614 - pdb path: .;C:\Program Files\Java\jdk-11.0.17\bin;C:\WINDOWS\SYSTEM32;C:\WINDOWS\WinSxS\amd64_microsoft.windows.common-controls_6595b64144ccf1df_6.0.22621.1635_none_270f70857386168e;C:\Program Files\Java\jdk-11.0.17\bin\server

VM Arguments:
java_command: C:\Users\Alexjha\AppData\Local\Temp\surefire15123747737046290178\surefirebooter8155462096962976820.jar C:\Users\Alexjha\AppData\Local\Temp\surefire15123747737046290178 2023-08-07T18-44-49_395-jvmRun1 surefire10287234456458332435tmp surefire_014171441061919852699tmp
java_class_path (initial): C:\Users\Alexjha\AppData\Local\Temp\surefire15123747737046290178\surefirebooter8155462096962976820.jar
Launcher Type: SUN_STANDARD

[Global flags]
     intx CICompilerCount                          = 4                                         {product} {ergonomic}
     uint ConcGCThreads                            = 2                                         {product} {ergonomic}
     uint G1ConcRefinementThreads                  = 8                                         {product} {ergonomic}
   size_t G1HeapRegionSize                         = 1048576                                   {product} {ergonomic}
    uintx GCDrainStackTargetSize                   = 64                                        {product} {ergonomic}
   size_t InitialHeapSize                          = 132120576                                 {product} {ergonomic}
   size_t MarkStackSize                            = 4194304                                   {product} {ergonomic}
   size_t MaxHeapSize                              = 2095054848                                {product} {ergonomic}
   size_t MaxNewSize                               = 1256194048                                {product} {ergonomic}
   size_t MinHeapDeltaBytes                        = 1048576                                   {product} {ergonomic}
    uintx NonNMethodCodeHeapSize                   = 5836300                                {pd product} {ergonomic}
    uintx NonProfiledCodeHeapSize                  = 122910970                              {pd product} {ergonomic}
    uintx ProfiledCodeHeapSize                     = 122910970                              {pd product} {ergonomic}
    uintx ReservedCodeCacheSize                    = 251658240                              {pd product} {ergonomic}
     bool SegmentedCodeCache                       = true                                      {product} {ergonomic}
     bool UseCompressedClassPointers               = true                                 {lp64_product} {ergonomic}
     bool UseCompressedOops                        = true                                 {lp64_product} {ergonomic}
     bool UseG1GC                                  = true                                      {product} {ergonomic}
     bool UseLargePagesIndividualAllocation        = false                                  {pd product} {ergonomic}

Logging:
Log output configuration:
 #0: stdout all=warning uptime,level,tags
 #1: stderr all=off uptime,level,tags

Environment Variables:
PATH=C:\Python311\Scripts\;C:\Python311\;C:\Program Files\Common Files\Oracle\Java\javapath;C:\Program Files\Microsoft MPI\Bin\;C:\Program Files (x86)\Common Files\Oracle\Java\javapath;C:\Windows\system32;C:\Windows;C:\Windows\System32\Wbem;C:\Windows\System32\WindowsPowerShell\v1.0\;C:\Windows\System32\OpenSSH\;C:\Program Files (x86)\NVIDIA Corporation\PhysX\Common;C:\Program Files\NVIDIA Corporation\NVIDIA NvDLISR;C:\Program Files\Azure Data Studio\bin;C:\Program Files (x86)\Microsoft SQL Server\150\Tools\Binn\;C:\Program Files\Microsoft SQL Server\150\Tools\Binn\;C:\Program Files (x86)\Microsoft SQL Server\150\DTS\Binn\;C:\Program Files\Microsoft SQL Server\150\DTS\Binn\;C:\Program Files\Microsoft SQL Server\Client SDK\ODBC\170\Tools\Binn\;C:\WINDOWS\system32;C:\WINDOWS;C:\WINDOWS\System32\Wbem;C:\WINDOWS\System32\WindowsPowerShell\v1.0\;C:\WINDOWS\System32\OpenSSH\;C:\Program Files\dotnet\;C:\Program Files\PuTTY\;C:\WINDOWS\system32;C:\WINDOWS;C:\WINDOWS\System32\Wbem;C:\WINDOWS\System32\WindowsPowerShell\v1.0\;C:\WINDOWS\System32\OpenSSH\;C:\ProgramData\chocolatey\bin;C:\Program Files\Git\cmd;C:\Program Files\Microsoft SQL Server\130\Tools\Binn\;C:\Program Files\nodejs\;C:\Program Files\MySQL\MySQL Shell 8.0\bin\;C:\Users\Alexjha\AppData\Local\Microsoft\WindowsApps;;C:\Users\Alexjha\AppData\Local\Programs\Microsoft VS Code\bin;C:\Program Files\Azure Data Studio\bin;C:\Users\Alexjha\.dotnet\tools;C:\Users\Alexjha\AppData\Roaming\npm
USERNAME=Alexjha
OS=Windows_NT
PROCESSOR_IDENTIFIER=Intel64 Family 6 Model 165 Stepping 2, GenuineIntel



---------------  S Y S T E M  ---------------

OS: Windows 11 , 64 bit Build 22621 (10.0.22621.1928)

CPU:total 8 (initial active 8) (4 cores per cpu, 2 threads per core) family 6 model 165 stepping 2 microcode 0xf4, cmov, cx8, fxsr, mmx, sse, sse2, sse3, ssse3, sse4.1, sse4.2, popcnt, avx, avx2, aes, clmul, erms, 3dnowpref, lzcnt, ht, tsc, tscinvbit, bmi1, bmi2, adx, fma

Memory: 4k page, system-wide physical 7985M (554M free)
TotalPageFile size 20043M (AvailPageFile size 3M)
current process WorkingSet (physical memory assigned to process): 251M, peak: 251M
current process commit charge ("private bytes"): 332M, peak: 333M

vm_info: Java HotSpot(TM) 64-Bit Server VM (11.0.17+10-LTS-269) for windows-amd64 JRE (11.0.17+10-LTS-269), built on Sep 13 2022 19:26:37 by "mach5one" with MS VC++ 15.9 (VS2017)

END.
